[     323ms] [LOG] [SoundProvider] Creating Howl for: ui-btn-primary, path: /sounds/theme-d/ui/ui-btn-primary.mp3 @ https://www.khaledelfakharany.com/_next/static/chunks/8e42d83f7d7e3859.js:0
[     363ms] [LOG] [SoundProvider] Creating Howl for: ui-checkbox-check, path: /sounds/theme-d/ui/ui-checkbox-check.mp3 @ https://www.khaledelfakharany.com/_next/static/chunks/8e42d83f7d7e3859.js:0
[     363ms] [LOG] [SoundProvider] Creating Howl for: ui-checkbox-uncheck, path: /sounds/theme-d/ui/ui-checkbox-uncheck.mp3 @ https://www.khaledelfakharany.com/_next/static/chunks/8e42d83f7d7e3859.js:0
[     407ms] [LOG] [SoundProvider] Creating Howl for: ui-btn-secondary, path: /sounds/theme-d/ui/ui-btn-secondary.mp3 @ https://www.khaledelfakharany.com/_next/static/chunks/8e42d83f7d7e3859.js:0
[     407ms] [LOG] [SoundProvider] Creating Howl for: ui-copy-success, path: /sounds/theme-d/ui/ui-copy-success.mp3 @ https://www.khaledelfakharany.com/_next/static/chunks/8e42d83f7d7e3859.js:0
[     407ms] [LOG] [SoundProvider] Creating Howl for: ui-accordion-expand, path: /sounds/theme-d/ui/ui-accordion-expand.mp3 @ https://www.khaledelfakharany.com/_next/static/chunks/8e42d83f7d7e3859.js:0
[     408ms] [LOG] [SoundProvider] Creating Howl for: ui-accordion-collapse, path: /sounds/theme-d/ui/ui-accordion-collapse.mp3 @ https://www.khaledelfakharany.com/_next/static/chunks/8e42d83f7d7e3859.js:0
[     408ms] [LOG] [SoundProvider] Creating Howl for: ui-hint-reveal, path: /sounds/theme-d/ui/ui-hint-reveal.mp3 @ https://www.khaledelfakharany.com/_next/static/chunks/8e42d83f7d7e3859.js:0
[     408ms] [LOG] [SoundProvider] Creating Howl for: ui-toggle, path: /sounds/theme-d/ui/ui-toggle.mp3 @ https://www.khaledelfakharany.com/_next/static/chunks/8e42d83f7d7e3859.js:0
[     408ms] [LOG] [SoundProvider] Creating Howl for: state-scene-enter, path: /sounds/theme-d/state/state-scene-enter.mp3 @ https://www.khaledelfakharany.com/_next/static/chunks/8e42d83f7d7e3859.js:0
[     408ms] [LOG] [SoundProvider] Creating Howl for: state-message-appear, path: /sounds/theme-d/state/state-message-appear.mp3 @ https://www.khaledelfakharany.com/_next/static/chunks/8e42d83f7d7e3859.js:0
[     408ms] [LOG] [SoundProvider] Creating Howl for: state-typewriter-complete, path: /sounds/theme-d/state/state-typewriter-complete.mp3 @ https://www.khaledelfakharany.com/_next/static/chunks/8e42d83f7d7e3859.js:0
[     409ms] [LOG] [SoundProvider] Creating Howl for: state-success-small, path: /sounds/theme-d/state/state-success-small.mp3 @ https://www.khaledelfakharany.com/_next/static/chunks/8e42d83f7d7e3859.js:0
[     409ms] [LOG] [SoundProvider] Creating Howl for: state-answer-reveal, path: /sounds/theme-d/state/state-answer-reveal.mp3 @ https://www.khaledelfakharany.com/_next/static/chunks/8e42d83f7d7e3859.js:0
[     409ms] [LOG] [SoundProvider] Creating Howl for: state-step-complete, path: /sounds/theme-d/state/state-step-complete.mp3 @ https://www.khaledelfakharany.com/_next/static/chunks/8e42d83f7d7e3859.js:0
[     409ms] [LOG] [SoundProvider] Creating Howl for: achieve-module-complete, path: /sounds/theme-d/achievement/achieve-module-complete.mp3 @ https://www.khaledelfakharany.com/_next/static/chunks/8e42d83f7d7e3859.js:0
[     409ms] [LOG] [SoundProvider] Creating Howl for: achieve-confetti, path: /sounds/theme-d/achievement/achieve-confetti.mp3 @ https://www.khaledelfakharany.com/_next/static/chunks/8e42d83f7d7e3859.js:0
[     409ms] [LOG] [SoundProvider] Creating Howl for: nav-forward, path: /sounds/theme-d/navigation/nav-forward.mp3 @ https://www.khaledelfakharany.com/_next/static/chunks/8e42d83f7d7e3859.js:0
[     410ms] [LOG] [SoundProvider] Creating Howl for: nav-back, path: /sounds/theme-d/navigation/nav-back.mp3 @ https://www.khaledelfakharany.com/_next/static/chunks/8e42d83f7d7e3859.js:0
[     410ms] [LOG] [SoundProvider] Creating Howl for: nav-module-enter, path: /sounds/theme-d/navigation/nav-module-enter.mp3 @ https://www.khaledelfakharany.com/_next/static/chunks/8e42d83f7d7e3859.js:0
[     519ms] [ERROR] Failed to load resource: the server responded with a status of 404 () @ https://www.khaledelfakharany.com/sounds/theme-d/state/state-scene-enter.mp3:0
[     519ms] [ERROR] [SoundProvider] Failed to load sound: state-scene-enter {path: /sounds/theme-d/state/state-scene-enter.mp3, error: Failed loading audio file with status: 404.} @ https://www.khaledelfakharany.com/_next/static/chunks/8e42d83f7d7e3859.js:0
[     520ms] [ERROR] Failed to load resource: the server responded with a status of 404 () @ https://www.khaledelfakharany.com/sounds/theme-d/state/state-scene-enter.mp3:0
[     520ms] [ERROR] [SoundProvider] Failed to load sound: state-scene-enter {path: /sounds/theme-d/state/state-scene-enter.mp3, error: Failed loading audio file with status: 404.} @ https://www.khaledelfakharany.com/_next/static/chunks/8e42d83f7d7e3859.js:0
[     524ms] [ERROR] Failed to load resource: the server responded with a status of 404 () @ https://www.khaledelfakharany.com/sounds/theme-d/state/state-step-complete.mp3:0
[     524ms] [ERROR] Failed to load resource: the server responded with a status of 404 () @ https://www.khaledelfakharany.com/sounds/theme-d/state/state-step-complete.mp3:0
[     529ms] [ERROR] [SoundProvider] Failed to load sound: state-step-complete {path: /sounds/theme-d/state/state-step-complete.mp3, error: Failed loading audio file with status: 404.} @ https://www.khaledelfakharany.com/_next/static/chunks/8e42d83f7d7e3859.js:0
[     530ms] [ERROR] [SoundProvider] Failed to load sound: state-step-complete {path: /sounds/theme-d/state/state-step-complete.mp3, error: Failed loading audio file with status: 404.} @ https://www.khaledelfakharany.com/_next/static/chunks/8e42d83f7d7e3859.js:0
[    2621ms] [LOG] [SoundProvider] play() called for: state-typewriter-complete {enabled: true, reducedMotion: false, theme: theme-d} @ https://us-assets.i.posthog.com/static/posthog-recorder.js?v=1.323.0:0
[    2622ms] [LOG] [SoundProvider] Playing sound: state-typewriter-complete {volume: 0.48999999999999994, category: state, path: /sounds/theme-d/state/state-typewriter-complete.mp3} @ https://us-assets.i.posthog.com/static/posthog-recorder.js?v=1.323.0:0
[    6428ms] [LOG] [SoundProvider] play() called for: state-typewriter-complete {enabled: true, reducedMotion: false, theme: theme-d} @ https://us-assets.i.posthog.com/static/posthog-recorder.js?v=1.323.0:0
[    6428ms] [LOG] [SoundProvider] Playing sound: state-typewriter-complete {volume: 0.48999999999999994, category: state, path: /sounds/theme-d/state/state-typewriter-complete.mp3} @ https://us-assets.i.posthog.com/static/posthog-recorder.js?v=1.323.0:0
[    6531ms] [WARNING] The resource https://www.khaledelfakharany.com/png-logos/horizontal-logo-alternate-color.png was preloaded using link preload but not used within a few seconds from the window's load event. Please make sure it has an appropriate `as` value and it is preloaded intentionally. @ https://www.khaledelfakharany.com/workshops/due-diligence/module-0:0
[    6531ms] [WARNING] The resource https://www.khaledelfakharany.com/png-logos/horizontal-logo-main-color.png was preloaded using link preload but not used within a few seconds from the window's load event. Please make sure it has an appropriate `as` value and it is preloaded intentionally. @ https://www.khaledelfakharany.com/workshops/due-diligence/module-0:0
[    9740ms] [LOG] [SoundProvider] play() called for: state-typewriter-complete {enabled: true, reducedMotion: false, theme: theme-d} @ https://us-assets.i.posthog.com/static/posthog-recorder.js?v=1.323.0:0
[    9741ms] [LOG] [SoundProvider] Playing sound: state-typewriter-complete {volume: 0.48999999999999994, category: state, path: /sounds/theme-d/state/state-typewriter-complete.mp3} @ https://us-assets.i.posthog.com/static/posthog-recorder.js?v=1.323.0:0
[   11578ms] [WARNING] The resource https://www.khaledelfakharany.com/png-logos/horizontal-logo-alternate-color.png was preloaded using link preload but not used within a few seconds from the window's load event. Please make sure it has an appropriate `as` value and it is preloaded intentionally. @ https://www.khaledelfakharany.com/workshops/due-diligence/module-0:0
[   11578ms] [WARNING] The resource https://www.khaledelfakharany.com/png-logos/horizontal-logo-main-color.png was preloaded using link preload but not used within a few seconds from the window's load event. Please make sure it has an appropriate `as` value and it is preloaded intentionally. @ https://www.khaledelfakharany.com/workshops/due-diligence/module-0:0
[   20054ms] [WARNING] The resource https://www.khaledelfakharany.com/png-logos/horizontal-logo-alternate-color.png was preloaded using link preload but not used within a few seconds from the window's load event. Please make sure it has an appropriate `as` value and it is preloaded intentionally. @ https://www.khaledelfakharany.com/workshops/due-diligence/module-0:0
[   20054ms] [WARNING] The resource https://www.khaledelfakharany.com/png-logos/horizontal-logo-main-color.png was preloaded using link preload but not used within a few seconds from the window's load event. Please make sure it has an appropriate `as` value and it is preloaded intentionally. @ https://www.khaledelfakharany.com/workshops/due-diligence/module-0:0
[   24728ms] [WARNING] The resource https://www.khaledelfakharany.com/png-logos/horizontal-logo-alternate-color.png was preloaded using link preload but not used within a few seconds from the window's load event. Please make sure it has an appropriate `as` value and it is preloaded intentionally. @ https://www.khaledelfakharany.com/workshops/due-diligence/module-0:0
[   24728ms] [WARNING] The resource https://www.khaledelfakharany.com/png-logos/horizontal-logo-main-color.png was preloaded using link preload but not used within a few seconds from the window's load event. Please make sure it has an appropriate `as` value and it is preloaded intentionally. @ https://www.khaledelfakharany.com/workshops/due-diligence/module-0:0
[   29726ms] [WARNING] The resource https://www.khaledelfakharany.com/png-logos/horizontal-logo-alternate-color.png was preloaded using link preload but not used within a few seconds from the window's load event. Please make sure it has an appropriate `as` value and it is preloaded intentionally. @ https://www.khaledelfakharany.com/workshops/due-diligence/module-0:0
[   29727ms] [WARNING] The resource https://www.khaledelfakharany.com/png-logos/horizontal-logo-main-color.png was preloaded using link preload but not used within a few seconds from the window's load event. Please make sure it has an appropriate `as` value and it is preloaded intentionally. @ https://www.khaledelfakharany.com/workshops/due-diligence/module-0:0
[   35917ms] [WARNING] The resource https://www.khaledelfakharany.com/png-logos/horizontal-logo-alternate-color.png was preloaded using link preload but not used within a few seconds from the window's load event. Please make sure it has an appropriate `as` value and it is preloaded intentionally. @ https://www.khaledelfakharany.com/workshops/due-diligence/module-0:0
[   35917ms] [WARNING] The resource https://www.khaledelfakharany.com/png-logos/horizontal-logo-main-color.png was preloaded using link preload but not used within a few seconds from the window's load event. Please make sure it has an appropriate `as` value and it is preloaded intentionally. @ https://www.khaledelfakharany.com/workshops/due-diligence/module-0:0
[   39613ms] [WARNING] The resource https://www.khaledelfakharany.com/png-logos/horizontal-logo-alternate-color.png was preloaded using link preload but not used within a few seconds from the window's load event. Please make sure it has an appropriate `as` value and it is preloaded intentionally. @ https://www.khaledelfakharany.com/workshops/due-diligence/module-0:0
[   39613ms] [WARNING] The resource https://www.khaledelfakharany.com/png-logos/horizontal-logo-main-color.png was preloaded using link preload but not used within a few seconds from the window's load event. Please make sure it has an appropriate `as` value and it is preloaded intentionally. @ https://www.khaledelfakharany.com/workshops/due-diligence/module-0:0
[   45714ms] [WARNING] The resource https://www.khaledelfakharany.com/png-logos/horizontal-logo-alternate-color.png was preloaded using link preload but not used within a few seconds from the window's load event. Please make sure it has an appropriate `as` value and it is preloaded intentionally. @ https://www.khaledelfakharany.com/workshops/due-diligence/module-0:0
[   45714ms] [WARNING] The resource https://www.khaledelfakharany.com/png-logos/horizontal-logo-main-color.png was preloaded using link preload but not used within a few seconds from the window's load event. Please make sure it has an appropriate `as` value and it is preloaded intentionally. @ https://www.khaledelfakharany.com/workshops/due-diligence/module-0:0
[   51727ms] [WARNING] The resource https://www.khaledelfakharany.com/png-logos/horizontal-logo-alternate-color.png was preloaded using link preload but not used within a few seconds from the window's load event. Please make sure it has an appropriate `as` value and it is preloaded intentionally. @ https://www.khaledelfakharany.com/workshops/due-diligence/module-0:0
[   51727ms] [WARNING] The resource https://www.khaledelfakharany.com/png-logos/horizontal-logo-main-color.png was preloaded using link preload but not used within a few seconds from the window's load event. Please make sure it has an appropriate `as` value and it is preloaded intentionally. @ https://www.khaledelfakharany.com/workshops/due-diligence/module-0:0
[   55170ms] [LOG] [SoundProvider] play() called for: nav-forward {enabled: true, reducedMotion: false, theme: theme-d} @ https://us-assets.i.posthog.com/static/posthog-recorder.js?v=1.323.0:0
[   55171ms] [LOG] [SoundProvider] Playing sound: nav-forward {volume: 0.48999999999999994, category: navigation, path: /sounds/theme-d/navigation/nav-forward.mp3} @ https://us-assets.i.posthog.com/static/posthog-recorder.js?v=1.323.0:0
[   55717ms] [WARNING] The resource https://www.khaledelfakharany.com/png-logos/horizontal-logo-alternate-color.png was preloaded using link preload but not used within a few seconds from the window's load event. Please make sure it has an appropriate `as` value and it is preloaded intentionally. @ https://www.khaledelfakharany.com/workshops/due-diligence/module-0:0
[   55717ms] [WARNING] The resource https://www.khaledelfakharany.com/png-logos/horizontal-logo-main-color.png was preloaded using link preload but not used within a few seconds from the window's load event. Please make sure it has an appropriate `as` value and it is preloaded intentionally. @ https://www.khaledelfakharany.com/workshops/due-diligence/module-0:0
[   57442ms] [LOG] [SoundProvider] play() called for: state-typewriter-complete {enabled: true, reducedMotion: false, theme: theme-d} @ https://us-assets.i.posthog.com/static/posthog-recorder.js?v=1.323.0:0
[   57444ms] [LOG] [SoundProvider] Playing sound: state-typewriter-complete {volume: 0.48999999999999994, category: state, path: /sounds/theme-d/state/state-typewriter-complete.mp3} @ https://us-assets.i.posthog.com/static/posthog-recorder.js?v=1.323.0:0
[   60116ms] [WARNING] The resource https://www.khaledelfakharany.com/png-logos/horizontal-logo-alternate-color.png was preloaded using link preload but not used within a few seconds from the window's load event. Please make sure it has an appropriate `as` value and it is preloaded intentionally. @ https://www.khaledelfakharany.com/workshops/due-diligence/module-0:0
[   60117ms] [WARNING] The resource https://www.khaledelfakharany.com/png-logos/horizontal-logo-main-color.png was preloaded using link preload but not used within a few seconds from the window's load event. Please make sure it has an appropriate `as` value and it is preloaded intentionally. @ https://www.khaledelfakharany.com/workshops/due-diligence/module-0:0
[   64577ms] [WARNING] The resource https://www.khaledelfakharany.com/png-logos/horizontal-logo-alternate-color.png was preloaded using link preload but not used within a few seconds from the window's load event. Please make sure it has an appropriate `as` value and it is preloaded intentionally. @ https://www.khaledelfakharany.com/workshops/due-diligence/module-0:0
[   64577ms] [WARNING] The resource https://www.khaledelfakharany.com/png-logos/horizontal-logo-main-color.png was preloaded using link preload but not used within a few seconds from the window's load event. Please make sure it has an appropriate `as` value and it is preloaded intentionally. @ https://www.khaledelfakharany.com/workshops/due-diligence/module-0:0
[   74322ms] [WARNING] The resource https://www.khaledelfakharany.com/png-logos/horizontal-logo-alternate-color.png was preloaded using link preload but not used within a few seconds from the window's load event. Please make sure it has an appropriate `as` value and it is preloaded intentionally. @ https://www.khaledelfakharany.com/workshops/due-diligence/module-0:0
[   74322ms] [WARNING] The resource https://www.khaledelfakharany.com/png-logos/horizontal-logo-main-color.png was preloaded using link preload but not used within a few seconds from the window's load event. Please make sure it has an appropriate `as` value and it is preloaded intentionally. @ https://www.khaledelfakharany.com/workshops/due-diligence/module-0:0
[   84663ms] [WARNING] The resource https://www.khaledelfakharany.com/png-logos/horizontal-logo-alternate-color.png was preloaded using link preload but not used within a few seconds from the window's load event. Please make sure it has an appropriate `as` value and it is preloaded intentionally. @ https://www.khaledelfakharany.com/workshops/due-diligence/module-0:0
[   84663ms] [WARNING] The resource https://www.khaledelfakharany.com/png-logos/horizontal-logo-main-color.png was preloaded using link preload but not used within a few seconds from the window's load event. Please make sure it has an appropriate `as` value and it is preloaded intentionally. @ https://www.khaledelfakharany.com/workshops/due-diligence/module-0:0
[   94516ms] [WARNING] The resource https://www.khaledelfakharany.com/png-logos/horizontal-logo-alternate-color.png was preloaded using link preload but not used within a few seconds from the window's load event. Please make sure it has an appropriate `as` value and it is preloaded intentionally. @ https://www.khaledelfakharany.com/workshops/due-diligence/module-0:0
[   94517ms] [WARNING] The resource https://www.khaledelfakharany.com/png-logos/horizontal-logo-main-color.png was preloaded using link preload but not used within a few seconds from the window's load event. Please make sure it has an appropriate `as` value and it is preloaded intentionally. @ https://www.khaledelfakharany.com/workshops/due-diligence/module-0:0
[   95514ms] [LOG] [DemoWithGraph] Starting demo, playing viz-enter @ https://us-assets.i.posthog.com/static/posthog-recorder.js?v=1.323.0:0
[   95514ms] [LOG] [SoundProvider] play() called for: viz-enter {enabled: true, reducedMotion: false, theme: theme-d} @ https://us-assets.i.posthog.com/static/posthog-recorder.js?v=1.323.0:0
[   95515ms] [LOG] [SoundProvider] Creating Howl for: viz-enter, path: /sounds/theme-d/visualization/viz-enter.mp3 @ https://us-assets.i.posthog.com/static/posthog-recorder.js?v=1.323.0:0
[   95515ms] [LOG] [SoundProvider] Playing sound: viz-enter {volume: 0.42, category: visualization, path: /sounds/theme-d/visualization/viz-enter.mp3} @ https://us-assets.i.posthog.com/static/posthog-recorder.js?v=1.323.0:0
[   95702ms] [LOG] [DemoWithGraph] Playing typing sound at char 3 @ https://us-assets.i.posthog.com/static/posthog-recorder.js?v=1.323.0:0
[   95702ms] [LOG] [SoundProvider] play() called for: viz-demo-typing {enabled: true, reducedMotion: false, theme: theme-d} @ https://us-assets.i.posthog.com/static/posthog-recorder.js?v=1.323.0:0
[   95703ms] [LOG] [SoundProvider] Creating Howl for: viz-demo-typing, path: /sounds/theme-d/visualization/viz-demo-typing.mp3 @ https://us-assets.i.posthog.com/static/posthog-recorder.js?v=1.323.0:0
[   95704ms] [LOG] [SoundProvider] Playing sound: viz-demo-typing {volume: 0.42, category: visualization, path: /sounds/theme-d/visualization/viz-demo-typing.mp3} @ https://us-assets.i.posthog.com/static/posthog-recorder.js?v=1.323.0:0
[   95893ms] [LOG] [DemoWithGraph] Playing typing sound at char 6 @ https://us-assets.i.posthog.com/static/posthog-recorder.js?v=1.323.0:0
[   95893ms] [LOG] [SoundProvider] play() called for: viz-demo-typing {enabled: true, reducedMotion: false, theme: theme-d} @ https://us-assets.i.posthog.com/static/posthog-recorder.js?v=1.323.0:0
[   95894ms] [LOG] [SoundProvider] Playing sound: viz-demo-typing {volume: 0.42, category: visualization, path: /sounds/theme-d/visualization/viz-demo-typing.mp3} @ https://us-assets.i.posthog.com/static/posthog-recorder.js?v=1.323.0:0
[   96889ms] [LOG] [DemoWithGraph] Playing typing sound at char 3 @ https://us-assets.i.posthog.com/static/posthog-recorder.js?v=1.323.0:0
[   96890ms] [LOG] [SoundProvider] play() called for: viz-demo-typing {enabled: true, reducedMotion: false, theme: theme-d} @ https://us-assets.i.posthog.com/static/posthog-recorder.js?v=1.323.0:0
[   96890ms] [LOG] [SoundProvider] Playing sound: viz-demo-typing {volume: 0.42, category: visualization, path: /sounds/theme-d/visualization/viz-demo-typing.mp3} @ https://us-assets.i.posthog.com/static/posthog-recorder.js?v=1.323.0:0
[   97076ms] [LOG] [DemoWithGraph] Playing typing sound at char 6 @ https://us-assets.i.posthog.com/static/posthog-recorder.js?v=1.323.0:0
[   97076ms] [LOG] [SoundProvider] play() called for: viz-demo-typing {enabled: true, reducedMotion: false, theme: theme-d} @ https://us-assets.i.posthog.com/static/posthog-recorder.js?v=1.323.0:0
[   97077ms] [LOG] [SoundProvider] Playing sound: viz-demo-typing {volume: 0.42, category: visualization, path: /sounds/theme-d/visualization/viz-demo-typing.mp3} @ https://us-assets.i.posthog.com/static/posthog-recorder.js?v=1.323.0:0
[   97263ms] [LOG] [DemoWithGraph] Playing typing sound at char 9 @ https://us-assets.i.posthog.com/static/posthog-recorder.js?v=1.323.0:0
[   97264ms] [LOG] [SoundProvider] play() called for: viz-demo-typing {enabled: true, reducedMotion: false, theme: theme-d} @ https://us-assets.i.posthog.com/static/posthog-recorder.js?v=1.323.0:0
[   97264ms] [LOG] [SoundProvider] Playing sound: viz-demo-typing {volume: 0.42, category: visualization, path: /sounds/theme-d/visualization/viz-demo-typing.mp3} @ https://us-assets.i.posthog.com/static/posthog-recorder.js?v=1.323.0:0
[   97452ms] [LOG] [DemoWithGraph] Playing typing sound at char 12 @ https://us-assets.i.posthog.com/static/posthog-recorder.js?v=1.323.0:0
[   97453ms] [LOG] [SoundProvider] play() called for: viz-demo-typing {enabled: true, reducedMotion: false, theme: theme-d} @ https://us-assets.i.posthog.com/static/posthog-recorder.js?v=1.323.0:0
[   97455ms] [LOG] [SoundProvider] Playing sound: viz-demo-typing {volume: 0.42, category: visualization, path: /sounds/theme-d/visualization/viz-demo-typing.mp3} @ https://us-assets.i.posthog.com/static/posthog-recorder.js?v=1.323.0:0
[   97641ms] [LOG] [DemoWithGraph] Playing typing sound at char 15 @ https://us-assets.i.posthog.com/static/posthog-recorder.js?v=1.323.0:0
[   97641ms] [LOG] [SoundProvider] play() called for: viz-demo-typing {enabled: true, reducedMotion: false, theme: theme-d} @ https://us-assets.i.posthog.com/static/posthog-recorder.js?v=1.323.0:0
[   97642ms] [LOG] [SoundProvider] Playing sound: viz-demo-typing {volume: 0.42, category: visualization, path: /sounds/theme-d/visualization/viz-demo-typing.mp3} @ https://us-assets.i.posthog.com/static/posthog-recorder.js?v=1.323.0:0
[   97828ms] [LOG] [DemoWithGraph] Playing typing sound at char 18 @ https://us-assets.i.posthog.com/static/posthog-recorder.js?v=1.323.0:0
[   97829ms] [LOG] [SoundProvider] play() called for: viz-demo-typing {enabled: true, reducedMotion: false, theme: theme-d} @ https://us-assets.i.posthog.com/static/posthog-recorder.js?v=1.323.0:0
[   97831ms] [LOG] [SoundProvider] Playing sound: viz-demo-typing {volume: 0.42, category: visualization, path: /sounds/theme-d/visualization/viz-demo-typing.mp3} @ https://us-assets.i.posthog.com/static/posthog-recorder.js?v=1.323.0:0
[   98020ms] [LOG] [DemoWithGraph] Playing typing sound at char 21 @ https://us-assets.i.posthog.com/static/posthog-recorder.js?v=1.323.0:0
[   98021ms] [LOG] [SoundProvider] play() called for: viz-demo-typing {enabled: true, reducedMotion: false, theme: theme-d} @ https://us-assets.i.posthog.com/static/posthog-recorder.js?v=1.323.0:0
[   98023ms] [LOG] [SoundProvider] Playing sound: viz-demo-typing {volume: 0.42, category: visualization, path: /sounds/theme-d/visualization/viz-demo-typing.mp3} @ https://us-assets.i.posthog.com/static/posthog-recorder.js?v=1.323.0:0
[   98212ms] [LOG] [DemoWithGraph] Playing typing sound at char 24 @ https://us-assets.i.posthog.com/static/posthog-recorder.js?v=1.323.0:0
[   98213ms] [LOG] [SoundProvider] play() called for: viz-demo-typing {enabled: true, reducedMotion: false, theme: theme-d} @ https://us-assets.i.posthog.com/static/posthog-recorder.js?v=1.323.0:0
[   98214ms] [LOG] [SoundProvider] Playing sound: viz-demo-typing {volume: 0.42, category: visualization, path: /sounds/theme-d/visualization/viz-demo-typing.mp3} @ https://us-assets.i.posthog.com/static/posthog-recorder.js?v=1.323.0:0
[   98402ms] [LOG] [DemoWithGraph] Playing typing sound at char 27 @ https://us-assets.i.posthog.com/static/posthog-recorder.js?v=1.323.0:0
[   98403ms] [LOG] [SoundProvider] play() called for: viz-demo-typing {enabled: true, reducedMotion: false, theme: theme-d} @ https://us-assets.i.posthog.com/static/posthog-recorder.js?v=1.323.0:0
[   98404ms] [LOG] [SoundProvider] Playing sound: viz-demo-typing {volume: 0.42, category: visualization, path: /sounds/theme-d/visualization/viz-demo-typing.mp3} @ https://us-assets.i.posthog.com/static/posthog-recorder.js?v=1.323.0:0
[   98593ms] [LOG] [DemoWithGraph] Playing typing sound at char 30 @ https://us-assets.i.posthog.com/static/posthog-recorder.js?v=1.323.0:0
[   98594ms] [LOG] [SoundProvider] play() called for: viz-demo-typing {enabled: true, reducedMotion: false, theme: theme-d} @ https://us-assets.i.posthog.com/static/posthog-recorder.js?v=1.323.0:0
[   98595ms] [LOG] [SoundProvider] Playing sound: viz-demo-typing {volume: 0.42, category: visualization, path: /sounds/theme-d/visualization/viz-demo-typing.mp3} @ https://us-assets.i.posthog.com/static/posthog-recorder.js?v=1.323.0:0
[   99652ms] [LOG] [DemoWithGraph] Playing typing sound at char 3 @ https://us-assets.i.posthog.com/static/posthog-recorder.js?v=1.323.0:0
[   99652ms] [LOG] [SoundProvider] play() called for: viz-demo-typing {enabled: true, reducedMotion: false, theme: theme-d} @ https://us-assets.i.posthog.com/static/posthog-recorder.js?v=1.323.0:0
[   99653ms] [LOG] [SoundProvider] Playing sound: viz-demo-typing {volume: 0.42, category: visualization, path: /sounds/theme-d/visualization/viz-demo-typing.mp3} @ https://us-assets.i.posthog.com/static/posthog-recorder.js?v=1.323.0:0
[   99838ms] [LOG] [DemoWithGraph] Playing typing sound at char 6 @ https://us-assets.i.posthog.com/static/posthog-recorder.js?v=1.323.0:0
[   99839ms] [LOG] [SoundProvider] play() called for: viz-demo-typing {enabled: true, reducedMotion: false, theme: theme-d} @ https://us-assets.i.posthog.com/static/posthog-recorder.js?v=1.323.0:0
[   99839ms] [LOG] [SoundProvider] Playing sound: viz-demo-typing {volume: 0.42, category: visualization, path: /sounds/theme-d/visualization/viz-demo-typing.mp3} @ https://us-assets.i.posthog.com/static/posthog-recorder.js?v=1.323.0:0
[  102012ms] [WARNING] The resource https://www.khaledelfakharany.com/png-logos/horizontal-logo-alternate-color.png was preloaded using link preload but not used within a few seconds from the window's load event. Please make sure it has an appropriate `as` value and it is preloaded intentionally. @ https://www.khaledelfakharany.com/workshops/due-diligence/module-0:0
[  102012ms] [WARNING] The resource https://www.khaledelfakharany.com/png-logos/horizontal-logo-main-color.png was preloaded using link preload but not used within a few seconds from the window's load event. Please make sure it has an appropriate `as` value and it is preloaded intentionally. @ https://www.khaledelfakharany.com/workshops/due-diligence/module-0:0
[  102577ms] [LOG] [DemoWithGraph] Button pressed, playing agent start @ https://us-assets.i.posthog.com/static/posthog-recorder.js?v=1.323.0:0
[  102577ms] [LOG] [SoundProvider] play() called for: viz-agent-start {enabled: true, reducedMotion: false, theme: theme-d} @ https://us-assets.i.posthog.com/static/posthog-recorder.js?v=1.323.0:0
[  102577ms] [LOG] [SoundProvider] Creating Howl for: viz-agent-start, path: /sounds/theme-d/visualization/viz-agent-start.mp3 @ https://us-assets.i.posthog.com/static/posthog-recorder.js?v=1.323.0:0
[  102578ms] [LOG] [SoundProvider] Playing sound: viz-agent-start {volume: 0.42, category: visualization, path: /sounds/theme-d/visualization/viz-agent-start.mp3} @ https://us-assets.i.posthog.com/static/posthog-recorder.js?v=1.323.0:0
[  103664ms] [LOG] [DemoWithGraph] Agent starting: Company Profiler @ https://us-assets.i.posthog.com/static/posthog-recorder.js?v=1.323.0:0
[  103664ms] [LOG] [SoundProvider] play() called for: viz-agent-start {enabled: true, reducedMotion: false, theme: theme-d} @ https://us-assets.i.posthog.com/static/posthog-recorder.js?v=1.323.0:0
[  103664ms] [LOG] [SoundProvider] Playing sound: viz-agent-start {volume: 0.42, category: visualization, path: /sounds/theme-d/visualization/viz-agent-start.mp3} @ https://us-assets.i.posthog.com/static/posthog-recorder.js?v=1.323.0:0
[  104460ms] [LOG] [DemoStateGraph] Data reached agent node: Company Profiler, playing state-write sound @ https://us-assets.i.posthog.com/static/posthog-recorder.js?v=1.323.0:0
[  104461ms] [LOG] [SoundProvider] play() called for: viz-state-write {enabled: true, reducedMotion: false, theme: theme-d} @ https://us-assets.i.posthog.com/static/posthog-recorder.js?v=1.323.0:0
[  104461ms] [LOG] [SoundProvider] Creating Howl for: viz-state-write, path: /sounds/theme-d/visualization/viz-state-write.mp3 @ https://us-assets.i.posthog.com/static/posthog-recorder.js?v=1.323.0:0
[  104461ms] [LOG] [SoundProvider] Playing sound: viz-state-write {volume: 0.42, category: visualization, path: /sounds/theme-d/visualization/viz-state-write.mp3} @ https://us-assets.i.posthog.com/static/posthog-recorder.js?v=1.323.0:0
[  104483ms] [LOG] [DemoWithGraph] Agent starting: Market Researcher @ https://us-assets.i.posthog.com/static/posthog-recorder.js?v=1.323.0:0
[  104483ms] [LOG] [SoundProvider] play() called for: viz-agent-start {enabled: true, reducedMotion: false, theme: theme-d} @ https://us-assets.i.posthog.com/static/posthog-recorder.js?v=1.323.0:0
[  104483ms] [LOG] [SoundProvider] Playing sound: viz-agent-start {volume: 0.42, category: visualization, path: /sounds/theme-d/visualization/viz-agent-start.mp3} @ https://us-assets.i.posthog.com/static/posthog-recorder.js?v=1.323.0:0
[  105043ms] [LOG] [DemoStateGraph] Data reached agent node: Market Researcher, playing state-write sound @ https://us-assets.i.posthog.com/static/posthog-recorder.js?v=1.323.0:0
[  105043ms] [LOG] [SoundProvider] play() called for: viz-state-write {enabled: true, reducedMotion: false, theme: theme-d} @ https://us-assets.i.posthog.com/static/posthog-recorder.js?v=1.323.0:0
[  105044ms] [LOG] [SoundProvider] Playing sound: viz-state-write {volume: 0.42, category: visualization, path: /sounds/theme-d/visualization/viz-state-write.mp3} @ https://us-assets.i.posthog.com/static/posthog-recorder.js?v=1.323.0:0
[  105210ms] [LOG] [DemoWithGraph] Agent starting: Competitor Scout @ https://us-assets.i.posthog.com/static/posthog-recorder.js?v=1.323.0:0
[  105210ms] [LOG] [SoundProvider] play() called for: viz-agent-start {enabled: true, reducedMotion: false, theme: theme-d} @ https://us-assets.i.posthog.com/static/posthog-recorder.js?v=1.323.0:0
[  105211ms] [LOG] [SoundProvider] Playing sound: viz-agent-start {volume: 0.42, category: visualization, path: /sounds/theme-d/visualization/viz-agent-start.mp3} @ https://us-assets.i.posthog.com/static/posthog-recorder.js?v=1.323.0:0
[  105768ms] [LOG] [DemoStateGraph] Data reached agent node: Competitor Scout, playing state-write sound @ https://us-assets.i.posthog.com/static/posthog-recorder.js?v=1.323.0:0
[  105768ms] [LOG] [SoundProvider] play() called for: viz-state-write {enabled: true, reducedMotion: false, theme: theme-d} @ https://us-assets.i.posthog.com/static/posthog-recorder.js?v=1.323.0:0
[  105768ms] [LOG] [SoundProvider] Playing sound: viz-state-write {volume: 0.42, category: visualization, path: /sounds/theme-d/visualization/viz-state-write.mp3} @ https://us-assets.i.posthog.com/static/posthog-recorder.js?v=1.323.0:0
[  106066ms] [LOG] [DemoWithGraph] Agent starting: Team Investigator @ https://us-assets.i.posthog.com/static/posthog-recorder.js?v=1.323.0:0
[  106066ms] [LOG] [SoundProvider] play() called for: viz-agent-start {enabled: true, reducedMotion: false, theme: theme-d} @ https://us-assets.i.posthog.com/static/posthog-recorder.js?v=1.323.0:0
[  106067ms] [LOG] [SoundProvider] Playing sound: viz-agent-start {volume: 0.42, category: visualization, path: /sounds/theme-d/visualization/viz-agent-start.mp3} @ https://us-assets.i.posthog.com/static/posthog-recorder.js?v=1.323.0:0
[  106427ms] [LOG] [DemoStateGraph] Data reached state node: research_data, playing state-write sound @ https://us-assets.i.posthog.com/static/posthog-recorder.js?v=1.323.0:0
[  106428ms] [LOG] [SoundProvider] play() called for: viz-state-write {enabled: true, reducedMotion: false, theme: theme-d} @ https://us-assets.i.posthog.com/static/posthog-recorder.js?v=1.323.0:0
[  106428ms] [LOG] [SoundProvider] Playing sound: viz-state-write {volume: 0.42, category: visualization, path: /sounds/theme-d/visualization/viz-state-write.mp3} @ https://us-assets.i.posthog.com/static/posthog-recorder.js?v=1.323.0:0
[  106627ms] [LOG] [DemoStateGraph] Data reached agent node: Team Investigator, playing state-write sound @ https://us-assets.i.posthog.com/static/posthog-recorder.js?v=1.323.0:0
[  106627ms] [LOG] [SoundProvider] play() called for: viz-state-write {enabled: true, reducedMotion: false, theme: theme-d} @ https://us-assets.i.posthog.com/static/posthog-recorder.js?v=1.323.0:0
[  106627ms] [LOG] [SoundProvider] Playing sound: viz-state-write {volume: 0.42, category: visualization, path: /sounds/theme-d/visualization/viz-state-write.mp3} @ https://us-assets.i.posthog.com/static/posthog-recorder.js?v=1.323.0:0
[  106881ms] [LOG] [DemoWithGraph] Agent starting: News Monitor @ https://us-assets.i.posthog.com/static/posthog-recorder.js?v=1.323.0:0
[  106881ms] [LOG] [SoundProvider] play() called for: viz-agent-start {enabled: true, reducedMotion: false, theme: theme-d} @ https://us-assets.i.posthog.com/static/posthog-recorder.js?v=1.323.0:0
[  106881ms] [LOG] [SoundProvider] Playing sound: viz-agent-start {volume: 0.42, category: visualization, path: /sounds/theme-d/visualization/viz-agent-start.mp3} @ https://us-assets.i.posthog.com/static/posthog-recorder.js?v=1.323.0:0
[  107443ms] [LOG] [DemoStateGraph] Data reached agent node: News Monitor, playing state-write sound @ https://us-assets.i.posthog.com/static/posthog-recorder.js?v=1.323.0:0
[  107443ms] [LOG] [SoundProvider] play() called for: viz-state-write {enabled: true, reducedMotion: false, theme: theme-d} @ https://us-assets.i.posthog.com/static/posthog-recorder.js?v=1.323.0:0
[  107444ms] [LOG] [SoundProvider] Playing sound: viz-state-write {volume: 0.42, category: visualization, path: /sounds/theme-d/visualization/viz-state-write.mp3} @ https://us-assets.i.posthog.com/static/posthog-recorder.js?v=1.323.0:0
[  108102ms] [LOG] [DemoStateGraph] Data reached state node: research_data, playing state-write sound @ https://us-assets.i.posthog.com/static/posthog-recorder.js?v=1.323.0:0
[  108102ms] [LOG] [SoundProvider] play() called for: viz-state-write {enabled: true, reducedMotion: false, theme: theme-d} @ https://us-assets.i.posthog.com/static/posthog-recorder.js?v=1.323.0:0
[  108102ms] [LOG] [SoundProvider] Playing sound: viz-state-write {volume: 0.42, category: visualization, path: /sounds/theme-d/visualization/viz-state-write.mp3} @ https://us-assets.i.posthog.com/static/posthog-recorder.js?v=1.323.0:0
[  108760ms] [LOG] [DemoStateGraph] Data reached state node: research_data, playing state-write sound @ https://us-assets.i.posthog.com/static/posthog-recorder.js?v=1.323.0:0
[  108760ms] [LOG] [SoundProvider] play() called for: viz-state-write {enabled: true, reducedMotion: false, theme: theme-d} @ https://us-assets.i.posthog.com/static/posthog-recorder.js?v=1.323.0:0
[  108761ms] [LOG] [SoundProvider] Playing sound: viz-state-write {volume: 0.42, category: visualization, path: /sounds/theme-d/visualization/viz-state-write.mp3} @ https://us-assets.i.posthog.com/static/posthog-recorder.js?v=1.323.0:0
[  108761ms] [LOG] [DemoStateGraph] Data reached state node: research_data, playing state-write sound @ https://us-assets.i.posthog.com/static/posthog-recorder.js?v=1.323.0:0
[  108761ms] [LOG] [SoundProvider] play() called for: viz-state-write {enabled: true, reducedMotion: false, theme: theme-d} @ https://us-assets.i.posthog.com/static/posthog-recorder.js?v=1.323.0:0
[  108761ms] [LOG] [SoundProvider] Playing sound: viz-state-write {volume: 0.42, category: visualization, path: /sounds/theme-d/visualization/viz-state-write.mp3} @ https://us-assets.i.posthog.com/static/posthog-recorder.js?v=1.323.0:0
[  109519ms] [LOG] [DemoStateGraph] Data reached state node: research_data, playing state-write sound @ https://us-assets.i.posthog.com/static/posthog-recorder.js?v=1.323.0:0
[  109519ms] [LOG] [SoundProvider] play() called for: viz-state-write {enabled: true, reducedMotion: false, theme: theme-d} @ https://us-assets.i.posthog.com/static/posthog-recorder.js?v=1.323.0:0
[  109519ms] [LOG] [SoundProvider] Playing sound: viz-state-write {volume: 0.42, category: visualization, path: /sounds/theme-d/visualization/viz-state-write.mp3} @ https://us-assets.i.posthog.com/static/posthog-recorder.js?v=1.323.0:0
[  109519ms] [LOG] [DemoStateGraph] Data reached state node: research_data, playing state-write sound @ https://us-assets.i.posthog.com/static/posthog-recorder.js?v=1.323.0:0
[  109519ms] [LOG] [SoundProvider] play() called for: viz-state-write {enabled: true, reducedMotion: false, theme: theme-d} @ https://us-assets.i.posthog.com/static/posthog-recorder.js?v=1.323.0:0
[  109519ms] [LOG] [SoundProvider] Playing sound: viz-state-write {volume: 0.42, category: visualization, path: /sounds/theme-d/visualization/viz-state-write.mp3} @ https://us-assets.i.posthog.com/static/posthog-recorder.js?v=1.323.0:0
[  110178ms] [LOG] [DemoStateGraph] Data reached state node: research_data, playing state-write sound @ https://us-assets.i.posthog.com/static/posthog-recorder.js?v=1.323.0:0
[  110178ms] [LOG] [SoundProvider] play() called for: viz-state-write {enabled: true, reducedMotion: false, theme: theme-d} @ https://us-assets.i.posthog.com/static/posthog-recorder.js?v=1.323.0:0
[  110178ms] [LOG] [SoundProvider] Playing sound: viz-state-write {volume: 0.42, category: visualization, path: /sounds/theme-d/visualization/viz-state-write.mp3} @ https://us-assets.i.posthog.com/static/posthog-recorder.js?v=1.323.0:0
[  110212ms] [WARNING] The resource https://www.khaledelfakharany.com/png-logos/horizontal-logo-alternate-color.png was preloaded using link preload but not used within a few seconds from the window's load event. Please make sure it has an appropriate `as` value and it is preloaded intentionally. @ https://www.khaledelfakharany.com/workshops/due-diligence/module-0:0
[  110212ms] [WARNING] The resource https://www.khaledelfakharany.com/png-logos/horizontal-logo-main-color.png was preloaded using link preload but not used within a few seconds from the window's load event. Please make sure it has an appropriate `as` value and it is preloaded intentionally. @ https://www.khaledelfakharany.com/workshops/due-diligence/module-0:0
[  110835ms] [LOG] [DemoStateGraph] Data reached state node: research_data, playing state-write sound @ https://us-assets.i.posthog.com/static/posthog-recorder.js?v=1.323.0:0
[  110835ms] [LOG] [SoundProvider] play() called for: viz-state-write {enabled: true, reducedMotion: false, theme: theme-d} @ https://us-assets.i.posthog.com/static/posthog-recorder.js?v=1.323.0:0
[  110835ms] [LOG] [SoundProvider] Playing sound: viz-state-write {volume: 0.42, category: visualization, path: /sounds/theme-d/visualization/viz-state-write.mp3} @ https://us-assets.i.posthog.com/static/posthog-recorder.js?v=1.323.0:0
[  111502ms] [LOG] [DemoStateGraph] Data reached state node: research_data, playing state-write sound @ https://us-assets.i.posthog.com/static/posthog-recorder.js?v=1.323.0:0
[  111502ms] [LOG] [SoundProvider] play() called for: viz-state-write {enabled: true, reducedMotion: false, theme: theme-d} @ https://us-assets.i.posthog.com/static/posthog-recorder.js?v=1.323.0:0
[  111502ms] [LOG] [SoundProvider] Playing sound: viz-state-write {volume: 0.42, category: visualization, path: /sounds/theme-d/visualization/viz-state-write.mp3} @ https://us-assets.i.posthog.com/static/posthog-recorder.js?v=1.323.0:0
[  111502ms] [LOG] [DemoStateGraph] Data reached state node: research_data, playing state-write sound @ https://us-assets.i.posthog.com/static/posthog-recorder.js?v=1.323.0:0
[  111502ms] [LOG] [SoundProvider] play() called for: viz-state-write {enabled: true, reducedMotion: false, theme: theme-d} @ https://us-assets.i.posthog.com/static/posthog-recorder.js?v=1.323.0:0
[  111502ms] [LOG] [SoundProvider] Playing sound: viz-state-write {volume: 0.42, category: visualization, path: /sounds/theme-d/visualization/viz-state-write.mp3} @ https://us-assets.i.posthog.com/static/posthog-recorder.js?v=1.323.0:0
[  112661ms] [LOG] [DemoStateGraph] Data reached state node: research_data, playing state-write sound @ https://us-assets.i.posthog.com/static/posthog-recorder.js?v=1.323.0:0
[  112661ms] [LOG] [SoundProvider] play() called for: viz-state-write {enabled: true, reducedMotion: false, theme: theme-d} @ https://us-assets.i.posthog.com/static/posthog-recorder.js?v=1.323.0:0
[  112661ms] [LOG] [SoundProvider] Playing sound: viz-state-write {volume: 0.42, category: visualization, path: /sounds/theme-d/visualization/viz-state-write.mp3} @ https://us-assets.i.posthog.com/static/posthog-recorder.js?v=1.323.0:0
[  113260ms] [LOG] [DemoWithGraph] Agent findings complete: Company Profiler @ https://us-assets.i.posthog.com/static/posthog-recorder.js?v=1.323.0:0
[  113319ms] [LOG] [DemoStateGraph] Data reached state node: research_data, playing state-write sound @ https://us-assets.i.posthog.com/static/posthog-recorder.js?v=1.323.0:0
[  113319ms] [LOG] [SoundProvider] play() called for: viz-state-write {enabled: true, reducedMotion: false, theme: theme-d} @ https://us-assets.i.posthog.com/static/posthog-recorder.js?v=1.323.0:0
[  113319ms] [LOG] [SoundProvider] Playing sound: viz-state-write {volume: 0.42, category: visualization, path: /sounds/theme-d/visualization/viz-state-write.mp3} @ https://us-assets.i.posthog.com/static/posthog-recorder.js?v=1.323.0:0
[  113977ms] [LOG] [DemoStateGraph] Data reached state node: research_data, playing state-write sound @ https://us-assets.i.posthog.com/static/posthog-recorder.js?v=1.323.0:0
[  113978ms] [LOG] [SoundProvider] play() called for: viz-state-write {enabled: true, reducedMotion: false, theme: theme-d} @ https://us-assets.i.posthog.com/static/posthog-recorder.js?v=1.323.0:0
[  113978ms] [LOG] [SoundProvider] Playing sound: viz-state-write {volume: 0.42, category: visualization, path: /sounds/theme-d/visualization/viz-state-write.mp3} @ https://us-assets.i.posthog.com/static/posthog-recorder.js?v=1.323.0:0
[  113978ms] [LOG] [DemoWithGraph] Agent visually complete (data reached state): Company Profiler @ https://us-assets.i.posthog.com/static/posthog-recorder.js?v=1.323.0:0
[  113979ms] [LOG] [SoundProvider] play() called for: viz-agent-complete {enabled: true, reducedMotion: false, theme: theme-d} @ https://us-assets.i.posthog.com/static/posthog-recorder.js?v=1.323.0:0
[  113979ms] [LOG] [SoundProvider] Creating Howl for: viz-agent-complete, path: /sounds/theme-d/visualization/viz-agent-complete.mp3 @ https://us-assets.i.posthog.com/static/posthog-recorder.js?v=1.323.0:0
[  113980ms] [LOG] [SoundProvider] Playing sound: viz-agent-complete {volume: 0.42, category: visualization, path: /sounds/theme-d/visualization/viz-agent-complete.mp3} @ https://us-assets.i.posthog.com/static/posthog-recorder.js?v=1.323.0:0
[  115044ms] [LOG] [DemoStateGraph] Data reached state node: research_data, playing state-write sound @ https://us-assets.i.posthog.com/static/posthog-recorder.js?v=1.323.0:0
[  115044ms] [LOG] [SoundProvider] play() called for: viz-state-write {enabled: true, reducedMotion: false, theme: theme-d} @ https://us-assets.i.posthog.com/static/posthog-recorder.js?v=1.323.0:0
[  115044ms] [LOG] [SoundProvider] Playing sound: viz-state-write {volume: 0.42, category: visualization, path: /sounds/theme-d/visualization/viz-state-write.mp3} @ https://us-assets.i.posthog.com/static/posthog-recorder.js?v=1.323.0:0
[  115044ms] [LOG] [DemoStateGraph] Data reached state node: research_data, playing state-write sound @ https://us-assets.i.posthog.com/static/posthog-recorder.js?v=1.323.0:0
[  115044ms] [LOG] [SoundProvider] play() called for: viz-state-write {enabled: true, reducedMotion: false, theme: theme-d} @ https://us-assets.i.posthog.com/static/posthog-recorder.js?v=1.323.0:0
[  115044ms] [LOG] [SoundProvider] Playing sound: viz-state-write {volume: 0.42, category: visualization, path: /sounds/theme-d/visualization/viz-state-write.mp3} @ https://us-assets.i.posthog.com/static/posthog-recorder.js?v=1.323.0:0
[  115702ms] [LOG] [DemoStateGraph] Data reached state node: research_data, playing state-write sound @ https://us-assets.i.posthog.com/static/posthog-recorder.js?v=1.323.0:0
[  115703ms] [LOG] [SoundProvider] play() called for: viz-state-write {enabled: true, reducedMotion: false, theme: theme-d} @ https://us-assets.i.posthog.com/static/posthog-recorder.js?v=1.323.0:0
[  115703ms] [LOG] [SoundProvider] Playing sound: viz-state-write {volume: 0.42, category: visualization, path: /sounds/theme-d/visualization/viz-state-write.mp3} @ https://us-assets.i.posthog.com/static/posthog-recorder.js?v=1.323.0:0
[  115910ms] [LOG] [DemoWithGraph] Agent findings complete: News Monitor @ https://us-assets.i.posthog.com/static/posthog-recorder.js?v=1.323.0:0
[  116307ms] [LOG] [DemoWithGraph] Skipping demo @ https://us-assets.i.posthog.com/static/posthog-recorder.js?v=1.323.0:0
[  116307ms] [LOG] [SoundProvider] play() called for: ui-btn-primary {enabled: true, reducedMotion: false, theme: theme-d} @ https://us-assets.i.posthog.com/static/posthog-recorder.js?v=1.323.0:0
[  116307ms] [LOG] [SoundProvider] Playing sound: ui-btn-primary {volume: 0.5599999999999999, category: ui, path: /sounds/theme-d/ui/ui-btn-primary.mp3} @ https://us-assets.i.posthog.com/static/posthog-recorder.js?v=1.323.0:0
[  116370ms] [LOG] [DemoStateGraph] Data reached state node: research_data, playing state-write sound @ https://us-assets.i.posthog.com/static/posthog-recorder.js?v=1.323.0:0
[  116370ms] [LOG] [SoundProvider] play() called for: viz-state-write {enabled: true, reducedMotion: false, theme: theme-d} @ https://us-assets.i.posthog.com/static/posthog-recorder.js?v=1.323.0:0
[  116370ms] [LOG] [SoundProvider] Playing sound: viz-state-write {volume: 0.42, category: visualization, path: /sounds/theme-d/visualization/viz-state-write.mp3} @ https://us-assets.i.posthog.com/static/posthog-recorder.js?v=1.323.0:0
[  117344ms] [LOG] [DemoStateGraph] Data reached state node: research_data, playing state-write sound @ https://us-assets.i.posthog.com/static/posthog-recorder.js?v=1.323.0:0
[  117344ms] [LOG] [SoundProvider] play() called for: viz-state-write {enabled: true, reducedMotion: false, theme: theme-d} @ https://us-assets.i.posthog.com/static/posthog-recorder.js?v=1.323.0:0
[  117344ms] [LOG] [SoundProvider] Playing sound: viz-state-write {volume: 0.42, category: visualization, path: /sounds/theme-d/visualization/viz-state-write.mp3} @ https://us-assets.i.posthog.com/static/posthog-recorder.js?v=1.323.0:0
[  117344ms] [LOG] [DemoStateGraph] Data reached state node: research_data, playing state-write sound @ https://us-assets.i.posthog.com/static/posthog-recorder.js?v=1.323.0:0
[  117344ms] [LOG] [SoundProvider] play() called for: viz-state-write {enabled: true, reducedMotion: false, theme: theme-d} @ https://us-assets.i.posthog.com/static/posthog-recorder.js?v=1.323.0:0
[  117344ms] [LOG] [SoundProvider] Playing sound: viz-state-write {volume: 0.42, category: visualization, path: /sounds/theme-d/visualization/viz-state-write.mp3} @ https://us-assets.i.posthog.com/static/posthog-recorder.js?v=1.323.0:0
[  118806ms] [WARNING] The resource https://www.khaledelfakharany.com/png-logos/horizontal-logo-alternate-color.png was preloaded using link preload but not used within a few seconds from the window's load event. Please make sure it has an appropriate `as` value and it is preloaded intentionally. @ https://www.khaledelfakharany.com/workshops/due-diligence/module-0:0
[  118806ms] [WARNING] The resource https://www.khaledelfakharany.com/png-logos/horizontal-logo-main-color.png was preloaded using link preload but not used within a few seconds from the window's load event. Please make sure it has an appropriate `as` value and it is preloaded intentionally. @ https://www.khaledelfakharany.com/workshops/due-diligence/module-0:0
[  123036ms] [WARNING] The resource https://www.khaledelfakharany.com/png-logos/horizontal-logo-alternate-color.png was preloaded using link preload but not used within a few seconds from the window's load event. Please make sure it has an appropriate `as` value and it is preloaded intentionally. @ https://www.khaledelfakharany.com/workshops/due-diligence/module-0:0
[  123036ms] [WARNING] The resource https://www.khaledelfakharany.com/png-logos/horizontal-logo-main-color.png was preloaded using link preload but not used within a few seconds from the window's load event. Please make sure it has an appropriate `as` value and it is preloaded intentionally. @ https://www.khaledelfakharany.com/workshops/due-diligence/module-0:0
[  126359ms] [WARNING] The resource https://www.khaledelfakharany.com/png-logos/horizontal-logo-alternate-color.png was preloaded using link preload but not used within a few seconds from the window's load event. Please make sure it has an appropriate `as` value and it is preloaded intentionally. @ https://www.khaledelfakharany.com/workshops/due-diligence/module-0:0
[  126359ms] [WARNING] The resource https://www.khaledelfakharany.com/png-logos/horizontal-logo-main-color.png was preloaded using link preload but not used within a few seconds from the window's load event. Please make sure it has an appropriate `as` value and it is preloaded intentionally. @ https://www.khaledelfakharany.com/workshops/due-diligence/module-0:0
[  142019ms] [WARNING] The resource https://www.khaledelfakharany.com/png-logos/horizontal-logo-alternate-color.png was preloaded using link preload but not used within a few seconds from the window's load event. Please make sure it has an appropriate `as` value and it is preloaded intentionally. @ https://www.khaledelfakharany.com/workshops/due-diligence/module-0:0
[  142019ms] [WARNING] The resource https://www.khaledelfakharany.com/png-logos/horizontal-logo-main-color.png was preloaded using link preload but not used within a few seconds from the window's load event. Please make sure it has an appropriate `as` value and it is preloaded intentionally. @ https://www.khaledelfakharany.com/workshops/due-diligence/module-0:0
[  147861ms] [LOG] [SoundProvider] play() called for: nav-forward {enabled: true, reducedMotion: false, theme: theme-d} @ https://us-assets.i.posthog.com/static/posthog-recorder.js?v=1.323.0:0
[  147861ms] [LOG] [SoundProvider] Playing sound: nav-forward {volume: 0.48999999999999994, category: navigation, path: /sounds/theme-d/navigation/nav-forward.mp3} @ https://us-assets.i.posthog.com/static/posthog-recorder.js?v=1.323.0:0
[  150730ms] [LOG] [SoundProvider] play() called for: state-typewriter-complete {enabled: true, reducedMotion: false, theme: theme-d} @ https://us-assets.i.posthog.com/static/posthog-recorder.js?v=1.323.0:0
[  150730ms] [LOG] [SoundProvider] Playing sound: state-typewriter-complete {volume: 0.48999999999999994, category: state, path: /sounds/theme-d/state/state-typewriter-complete.mp3} @ https://us-assets.i.posthog.com/static/posthog-recorder.js?v=1.323.0:0
[  154720ms] [WARNING] The resource https://www.khaledelfakharany.com/png-logos/horizontal-logo-alternate-color.png was preloaded using link preload but not used within a few seconds from the window's load event. Please make sure it has an appropriate `as` value and it is preloaded intentionally. @ https://www.khaledelfakharany.com/workshops/due-diligence/module-0:0
[  154720ms] [WARNING] The resource https://www.khaledelfakharany.com/png-logos/horizontal-logo-main-color.png was preloaded using link preload but not used within a few seconds from the window's load event. Please make sure it has an appropriate `as` value and it is preloaded intentionally. @ https://www.khaledelfakharany.com/workshops/due-diligence/module-0:0
[  155479ms] [LOG] [SoundProvider] play() called for: state-typewriter-complete {enabled: true, reducedMotion: false, theme: theme-d} @ https://us-assets.i.posthog.com/static/posthog-recorder.js?v=1.323.0:0
[  155480ms] [LOG] [SoundProvider] Playing sound: state-typewriter-complete {volume: 0.48999999999999994, category: state, path: /sounds/theme-d/state/state-typewriter-complete.mp3} @ https://us-assets.i.posthog.com/static/posthog-recorder.js?v=1.323.0:0
[  157676ms] [LOG] [SoundProvider] play() called for: state-typewriter-complete {enabled: true, reducedMotion: false, theme: theme-d} @ https://us-assets.i.posthog.com/static/posthog-recorder.js?v=1.323.0:0
[  157676ms] [LOG] [SoundProvider] Playing sound: state-typewriter-complete {volume: 0.48999999999999994, category: state, path: /sounds/theme-d/state/state-typewriter-complete.mp3} @ https://us-assets.i.posthog.com/static/posthog-recorder.js?v=1.323.0:0
[  159397ms] [WARNING] The resource https://www.khaledelfakharany.com/png-logos/horizontal-logo-alternate-color.png was preloaded using link preload but not used within a few seconds from the window's load event. Please make sure it has an appropriate `as` value and it is preloaded intentionally. @ https://www.khaledelfakharany.com/workshops/due-diligence/module-0:0
[  159397ms] [WARNING] The resource https://www.khaledelfakharany.com/png-logos/horizontal-logo-main-color.png was preloaded using link preload but not used within a few seconds from the window's load event. Please make sure it has an appropriate `as` value and it is preloaded intentionally. @ https://www.khaledelfakharany.com/workshops/due-diligence/module-0:0
[  162785ms] [WARNING] The resource https://www.khaledelfakharany.com/png-logos/horizontal-logo-alternate-color.png was preloaded using link preload but not used within a few seconds from the window's load event. Please make sure it has an appropriate `as` value and it is preloaded intentionally. @ https://www.khaledelfakharany.com/workshops/due-diligence/module-0:0
[  162785ms] [WARNING] The resource https://www.khaledelfakharany.com/png-logos/horizontal-logo-main-color.png was preloaded using link preload but not used within a few seconds from the window's load event. Please make sure it has an appropriate `as` value and it is preloaded intentionally. @ https://www.khaledelfakharany.com/workshops/due-diligence/module-0:0
[  167018ms] [WARNING] The resource https://www.khaledelfakharany.com/png-logos/horizontal-logo-alternate-color.png was preloaded using link preload but not used within a few seconds from the window's load event. Please make sure it has an appropriate `as` value and it is preloaded intentionally. @ https://www.khaledelfakharany.com/workshops/due-diligence/module-0:0
[  167018ms] [WARNING] The resource https://www.khaledelfakharany.com/png-logos/horizontal-logo-main-color.png was preloaded using link preload but not used within a few seconds from the window's load event. Please make sure it has an appropriate `as` value and it is preloaded intentionally. @ https://www.khaledelfakharany.com/workshops/due-diligence/module-0:0
[  175118ms] [WARNING] The resource https://www.khaledelfakharany.com/png-logos/horizontal-logo-alternate-color.png was preloaded using link preload but not used within a few seconds from the window's load event. Please make sure it has an appropriate `as` value and it is preloaded intentionally. @ https://www.khaledelfakharany.com/workshops/due-diligence/module-0:0
[  175118ms] [WARNING] The resource https://www.khaledelfakharany.com/png-logos/horizontal-logo-main-color.png was preloaded using link preload but not used within a few seconds from the window's load event. Please make sure it has an appropriate `as` value and it is preloaded intentionally. @ https://www.khaledelfakharany.com/workshops/due-diligence/module-0:0
[  180138ms] [WARNING] The resource https://www.khaledelfakharany.com/png-logos/horizontal-logo-alternate-color.png was preloaded using link preload but not used within a few seconds from the window's load event. Please make sure it has an appropriate `as` value and it is preloaded intentionally. @ https://www.khaledelfakharany.com/workshops/due-diligence/module-0:0
[  180138ms] [WARNING] The resource https://www.khaledelfakharany.com/png-logos/horizontal-logo-main-color.png was preloaded using link preload but not used within a few seconds from the window's load event. Please make sure it has an appropriate `as` value and it is preloaded intentionally. @ https://www.khaledelfakharany.com/workshops/due-diligence/module-0:0
[  184919ms] [WARNING] The resource https://www.khaledelfakharany.com/png-logos/horizontal-logo-alternate-color.png was preloaded using link preload but not used within a few seconds from the window's load event. Please make sure it has an appropriate `as` value and it is preloaded intentionally. @ https://www.khaledelfakharany.com/workshops/due-diligence/module-0:0
[  184919ms] [WARNING] The resource https://www.khaledelfakharany.com/png-logos/horizontal-logo-main-color.png was preloaded using link preload but not used within a few seconds from the window's load event. Please make sure it has an appropriate `as` value and it is preloaded intentionally. @ https://www.khaledelfakharany.com/workshops/due-diligence/module-0:0
[  190446ms] [WARNING] The resource https://www.khaledelfakharany.com/png-logos/horizontal-logo-alternate-color.png was preloaded using link preload but not used within a few seconds from the window's load event. Please make sure it has an appropriate `as` value and it is preloaded intentionally. @ https://www.khaledelfakharany.com/workshops/due-diligence/module-0:0
[  190447ms] [WARNING] The resource https://www.khaledelfakharany.com/png-logos/horizontal-logo-main-color.png was preloaded using link preload but not used within a few seconds from the window's load event. Please make sure it has an appropriate `as` value and it is preloaded intentionally. @ https://www.khaledelfakharany.com/workshops/due-diligence/module-0:0
[  195030ms] [WARNING] The resource https://www.khaledelfakharany.com/png-logos/horizontal-logo-alternate-color.png was preloaded using link preload but not used within a few seconds from the window's load event. Please make sure it has an appropriate `as` value and it is preloaded intentionally. @ https://www.khaledelfakharany.com/workshops/due-diligence/module-0:0
[  195030ms] [WARNING] The resource https://www.khaledelfakharany.com/png-logos/horizontal-logo-main-color.png was preloaded using link preload but not used within a few seconds from the window's load event. Please make sure it has an appropriate `as` value and it is preloaded intentionally. @ https://www.khaledelfakharany.com/workshops/due-diligence/module-0:0
[  200333ms] [WARNING] The resource https://www.khaledelfakharany.com/png-logos/horizontal-logo-alternate-color.png was preloaded using link preload but not used within a few seconds from the window's load event. Please make sure it has an appropriate `as` value and it is preloaded intentionally. @ https://www.khaledelfakharany.com/workshops/due-diligence/module-0:0
[  200333ms] [WARNING] The resource https://www.khaledelfakharany.com/png-logos/horizontal-logo-main-color.png was preloaded using link preload but not used within a few seconds from the window's load event. Please make sure it has an appropriate `as` value and it is preloaded intentionally. @ https://www.khaledelfakharany.com/workshops/due-diligence/module-0:0
[  205026ms] [WARNING] The resource https://www.khaledelfakharany.com/png-logos/horizontal-logo-alternate-color.png was preloaded using link preload but not used within a few seconds from the window's load event. Please make sure it has an appropriate `as` value and it is preloaded intentionally. @ https://www.khaledelfakharany.com/workshops/due-diligence/module-0:0
[  205026ms] [WARNING] The resource https://www.khaledelfakharany.com/png-logos/horizontal-logo-main-color.png was preloaded using link preload but not used within a few seconds from the window's load event. Please make sure it has an appropriate `as` value and it is preloaded intentionally. @ https://www.khaledelfakharany.com/workshops/due-diligence/module-0:0
[  210225ms] [WARNING] The resource https://www.khaledelfakharany.com/png-logos/horizontal-logo-alternate-color.png was preloaded using link preload but not used within a few seconds from the window's load event. Please make sure it has an appropriate `as` value and it is preloaded intentionally. @ https://www.khaledelfakharany.com/workshops/due-diligence/module-0:0
[  210225ms] [WARNING] The resource https://www.khaledelfakharany.com/png-logos/horizontal-logo-main-color.png was preloaded using link preload but not used within a few seconds from the window's load event. Please make sure it has an appropriate `as` value and it is preloaded intentionally. @ https://www.khaledelfakharany.com/workshops/due-diligence/module-0:0
[  213882ms] [LOG] [SoundProvider] play() called for: nav-forward {enabled: true, reducedMotion: false, theme: theme-d} @ https://us-assets.i.posthog.com/static/posthog-recorder.js?v=1.323.0:0
[  213883ms] [LOG] [SoundProvider] Playing sound: nav-forward {volume: 0.48999999999999994, category: navigation, path: /sounds/theme-d/navigation/nav-forward.mp3} @ https://us-assets.i.posthog.com/static/posthog-recorder.js?v=1.323.0:0
[  216148ms] [LOG] [SoundProvider] play() called for: state-typewriter-complete {enabled: true, reducedMotion: false, theme: theme-d} @ https://us-assets.i.posthog.com/static/posthog-recorder.js?v=1.323.0:0
[  216148ms] [LOG] [SoundProvider] Playing sound: state-typewriter-complete {volume: 0.48999999999999994, category: state, path: /sounds/theme-d/state/state-typewriter-complete.mp3} @ https://us-assets.i.posthog.com/static/posthog-recorder.js?v=1.323.0:0
[  220346ms] [WARNING] The resource https://www.khaledelfakharany.com/png-logos/horizontal-logo-alternate-color.png was preloaded using link preload but not used within a few seconds from the window's load event. Please make sure it has an appropriate `as` value and it is preloaded intentionally. @ https://www.khaledelfakharany.com/workshops/due-diligence/module-0:0
[  220346ms] [WARNING] The resource https://www.khaledelfakharany.com/png-logos/horizontal-logo-main-color.png was preloaded using link preload but not used within a few seconds from the window's load event. Please make sure it has an appropriate `as` value and it is preloaded intentionally. @ https://www.khaledelfakharany.com/workshops/due-diligence/module-0:0
[  223861ms] [LOG] [SoundProvider] play() called for: state-typewriter-complete {enabled: true, reducedMotion: false, theme: theme-d} @ https://us-assets.i.posthog.com/static/posthog-recorder.js?v=1.323.0:0
[  223861ms] [LOG] [SoundProvider] Playing sound: state-typewriter-complete {volume: 0.48999999999999994, category: state, path: /sounds/theme-d/state/state-typewriter-complete.mp3} @ https://us-assets.i.posthog.com/static/posthog-recorder.js?v=1.323.0:0
[  224546ms] [WARNING] The resource https://www.khaledelfakharany.com/png-logos/horizontal-logo-alternate-color.png was preloaded using link preload but not used within a few seconds from the window's load event. Please make sure it has an appropriate `as` value and it is preloaded intentionally. @ https://www.khaledelfakharany.com/workshops/due-diligence/module-0:0
[  224546ms] [WARNING] The resource https://www.khaledelfakharany.com/png-logos/horizontal-logo-main-color.png was preloaded using link preload but not used within a few seconds from the window's load event. Please make sure it has an appropriate `as` value and it is preloaded intentionally. @ https://www.khaledelfakharany.com/workshops/due-diligence/module-0:0
[  228624ms] [WARNING] The resource https://www.khaledelfakharany.com/png-logos/horizontal-logo-alternate-color.png was preloaded using link preload but not used within a few seconds from the window's load event. Please make sure it has an appropriate `as` value and it is preloaded intentionally. @ https://www.khaledelfakharany.com/workshops/due-diligence/module-0:0
[  228624ms] [WARNING] The resource https://www.khaledelfakharany.com/png-logos/horizontal-logo-main-color.png was preloaded using link preload but not used within a few seconds from the window's load event. Please make sure it has an appropriate `as` value and it is preloaded intentionally. @ https://www.khaledelfakharany.com/workshops/due-diligence/module-0:0
[  233036ms] [WARNING] The resource https://www.khaledelfakharany.com/png-logos/horizontal-logo-alternate-color.png was preloaded using link preload but not used within a few seconds from the window's load event. Please make sure it has an appropriate `as` value and it is preloaded intentionally. @ https://www.khaledelfakharany.com/workshops/due-diligence/module-0:0
[  233036ms] [WARNING] The resource https://www.khaledelfakharany.com/png-logos/horizontal-logo-main-color.png was preloaded using link preload but not used within a few seconds from the window's load event. Please make sure it has an appropriate `as` value and it is preloaded intentionally. @ https://www.khaledelfakharany.com/workshops/due-diligence/module-0:0
[  239598ms] [WARNING] The resource https://www.khaledelfakharany.com/png-logos/horizontal-logo-alternate-color.png was preloaded using link preload but not used within a few seconds from the window's load event. Please make sure it has an appropriate `as` value and it is preloaded intentionally. @ https://www.khaledelfakharany.com/workshops/due-diligence/module-0:0
[  239598ms] [WARNING] The resource https://www.khaledelfakharany.com/png-logos/horizontal-logo-main-color.png was preloaded using link preload but not used within a few seconds from the window's load event. Please make sure it has an appropriate `as` value and it is preloaded intentionally. @ https://www.khaledelfakharany.com/workshops/due-diligence/module-0:0
[  243340ms] [WARNING] The resource https://www.khaledelfakharany.com/png-logos/horizontal-logo-alternate-color.png was preloaded using link preload but not used within a few seconds from the window's load event. Please make sure it has an appropriate `as` value and it is preloaded intentionally. @ https://www.khaledelfakharany.com/workshops/due-diligence/module-0:0
[  243340ms] [WARNING] The resource https://www.khaledelfakharany.com/png-logos/horizontal-logo-main-color.png was preloaded using link preload but not used within a few seconds from the window's load event. Please make sure it has an appropriate `as` value and it is preloaded intentionally. @ https://www.khaledelfakharany.com/workshops/due-diligence/module-0:0
[  249533ms] [WARNING] The resource https://www.khaledelfakharany.com/png-logos/horizontal-logo-alternate-color.png was preloaded using link preload but not used within a few seconds from the window's load event. Please make sure it has an appropriate `as` value and it is preloaded intentionally. @ https://www.khaledelfakharany.com/workshops/due-diligence/module-0:0
[  249533ms] [WARNING] The resource https://www.khaledelfakharany.com/png-logos/horizontal-logo-main-color.png was preloaded using link preload but not used within a few seconds from the window's load event. Please make sure it has an appropriate `as` value and it is preloaded intentionally. @ https://www.khaledelfakharany.com/workshops/due-diligence/module-0:0
[  253628ms] [WARNING] The resource https://www.khaledelfakharany.com/png-logos/horizontal-logo-alternate-color.png was preloaded using link preload but not used within a few seconds from the window's load event. Please make sure it has an appropriate `as` value and it is preloaded intentionally. @ https://www.khaledelfakharany.com/workshops/due-diligence/module-0:0
[  253628ms] [WARNING] The resource https://www.khaledelfakharany.com/png-logos/horizontal-logo-main-color.png was preloaded using link preload but not used within a few seconds from the window's load event. Please make sure it has an appropriate `as` value and it is preloaded intentionally. @ https://www.khaledelfakharany.com/workshops/due-diligence/module-0:0
[  259609ms] [WARNING] The resource https://www.khaledelfakharany.com/png-logos/horizontal-logo-alternate-color.png was preloaded using link preload but not used within a few seconds from the window's load event. Please make sure it has an appropriate `as` value and it is preloaded intentionally. @ https://www.khaledelfakharany.com/workshops/due-diligence/module-0:0
[  259609ms] [WARNING] The resource https://www.khaledelfakharany.com/png-logos/horizontal-logo-main-color.png was preloaded using link preload but not used within a few seconds from the window's load event. Please make sure it has an appropriate `as` value and it is preloaded intentionally. @ https://www.khaledelfakharany.com/workshops/due-diligence/module-0:0
[  263326ms] [WARNING] The resource https://www.khaledelfakharany.com/png-logos/horizontal-logo-alternate-color.png was preloaded using link preload but not used within a few seconds from the window's load event. Please make sure it has an appropriate `as` value and it is preloaded intentionally. @ https://www.khaledelfakharany.com/workshops/due-diligence/module-0:0
[  263326ms] [WARNING] The resource https://www.khaledelfakharany.com/png-logos/horizontal-logo-main-color.png was preloaded using link preload but not used within a few seconds from the window's load event. Please make sure it has an appropriate `as` value and it is preloaded intentionally. @ https://www.khaledelfakharany.com/workshops/due-diligence/module-0:0
[  269413ms] [WARNING] The resource https://www.khaledelfakharany.com/png-logos/horizontal-logo-alternate-color.png was preloaded using link preload but not used within a few seconds from the window's load event. Please make sure it has an appropriate `as` value and it is preloaded intentionally. @ https://www.khaledelfakharany.com/workshops/due-diligence/module-0:0
[  269413ms] [WARNING] The resource https://www.khaledelfakharany.com/png-logos/horizontal-logo-main-color.png was preloaded using link preload but not used within a few seconds from the window's load event. Please make sure it has an appropriate `as` value and it is preloaded intentionally. @ https://www.khaledelfakharany.com/workshops/due-diligence/module-0:0
[  273122ms] [WARNING] The resource https://www.khaledelfakharany.com/png-logos/horizontal-logo-alternate-color.png was preloaded using link preload but not used within a few seconds from the window's load event. Please make sure it has an appropriate `as` value and it is preloaded intentionally. @ https://www.khaledelfakharany.com/workshops/due-diligence/module-0:0
[  273122ms] [WARNING] The resource https://www.khaledelfakharany.com/png-logos/horizontal-logo-main-color.png was preloaded using link preload but not used within a few seconds from the window's load event. Please make sure it has an appropriate `as` value and it is preloaded intentionally. @ https://www.khaledelfakharany.com/workshops/due-diligence/module-0:0
[  279703ms] [WARNING] The resource https://www.khaledelfakharany.com/png-logos/horizontal-logo-alternate-color.png was preloaded using link preload but not used within a few seconds from the window's load event. Please make sure it has an appropriate `as` value and it is preloaded intentionally. @ https://www.khaledelfakharany.com/workshops/due-diligence/module-0:0
[  279703ms] [WARNING] The resource https://www.khaledelfakharany.com/png-logos/horizontal-logo-main-color.png was preloaded using link preload but not used within a few seconds from the window's load event. Please make sure it has an appropriate `as` value and it is preloaded intentionally. @ https://www.khaledelfakharany.com/workshops/due-diligence/module-0:0
[  283371ms] [WARNING] The resource https://www.khaledelfakharany.com/png-logos/horizontal-logo-alternate-color.png was preloaded using link preload but not used within a few seconds from the window's load event. Please make sure it has an appropriate `as` value and it is preloaded intentionally. @ https://www.khaledelfakharany.com/workshops/due-diligence/module-0:0
[  283371ms] [WARNING] The resource https://www.khaledelfakharany.com/png-logos/horizontal-logo-main-color.png was preloaded using link preload but not used within a few seconds from the window's load event. Please make sure it has an appropriate `as` value and it is preloaded intentionally. @ https://www.khaledelfakharany.com/workshops/due-diligence/module-0:0
[  289406ms] [WARNING] The resource https://www.khaledelfakharany.com/png-logos/horizontal-logo-alternate-color.png was preloaded using link preload but not used within a few seconds from the window's load event. Please make sure it has an appropriate `as` value and it is preloaded intentionally. @ https://www.khaledelfakharany.com/workshops/due-diligence/module-0:0
[  289406ms] [WARNING] The resource https://www.khaledelfakharany.com/png-logos/horizontal-logo-main-color.png was preloaded using link preload but not used within a few seconds from the window's load event. Please make sure it has an appropriate `as` value and it is preloaded intentionally. @ https://www.khaledelfakharany.com/workshops/due-diligence/module-0:0
[  309214ms] [WARNING] The resource https://www.khaledelfakharany.com/png-logos/horizontal-logo-alternate-color.png was preloaded using link preload but not used within a few seconds from the window's load event. Please make sure it has an appropriate `as` value and it is preloaded intentionally. @ https://www.khaledelfakharany.com/workshops/due-diligence/module-0:0
[  309215ms] [WARNING] The resource https://www.khaledelfakharany.com/png-logos/horizontal-logo-main-color.png was preloaded using link preload but not used within a few seconds from the window's load event. Please make sure it has an appropriate `as` value and it is preloaded intentionally. @ https://www.khaledelfakharany.com/workshops/due-diligence/module-0:0
[  343736ms] [WARNING] The resource https://www.khaledelfakharany.com/png-logos/horizontal-logo-alternate-color.png was preloaded using link preload but not used within a few seconds from the window's load event. Please make sure it has an appropriate `as` value and it is preloaded intentionally. @ https://www.khaledelfakharany.com/workshops/due-diligence/module-0:0
[  343736ms] [WARNING] The resource https://www.khaledelfakharany.com/png-logos/horizontal-logo-main-color.png was preloaded using link preload but not used within a few seconds from the window's load event. Please make sure it has an appropriate `as` value and it is preloaded intentionally. @ https://www.khaledelfakharany.com/workshops/due-diligence/module-0:0
[  349428ms] [WARNING] The resource https://www.khaledelfakharany.com/png-logos/horizontal-logo-alternate-color.png was preloaded using link preload but not used within a few seconds from the window's load event. Please make sure it has an appropriate `as` value and it is preloaded intentionally. @ https://www.khaledelfakharany.com/workshops/due-diligence/module-0:0
[  349428ms] [WARNING] The resource https://www.khaledelfakharany.com/png-logos/horizontal-logo-main-color.png was preloaded using link preload but not used within a few seconds from the window's load event. Please make sure it has an appropriate `as` value and it is preloaded intentionally. @ https://www.khaledelfakharany.com/workshops/due-diligence/module-0:0
[  403222ms] [WARNING] The resource https://www.khaledelfakharany.com/png-logos/horizontal-logo-alternate-color.png was preloaded using link preload but not used within a few seconds from the window's load event. Please make sure it has an appropriate `as` value and it is preloaded intentionally. @ https://www.khaledelfakharany.com/workshops/due-diligence/module-0:0
[  403222ms] [WARNING] The resource https://www.khaledelfakharany.com/png-logos/horizontal-logo-main-color.png was preloaded using link preload but not used within a few seconds from the window's load event. Please make sure it has an appropriate `as` value and it is preloaded intentionally. @ https://www.khaledelfakharany.com/workshops/due-diligence/module-0:0
[  409528ms] [WARNING] The resource https://www.khaledelfakharany.com/png-logos/horizontal-logo-alternate-color.png was preloaded using link preload but not used within a few seconds from the window's load event. Please make sure it has an appropriate `as` value and it is preloaded intentionally. @ https://www.khaledelfakharany.com/workshops/due-diligence/module-0:0
[  409528ms] [WARNING] The resource https://www.khaledelfakharany.com/png-logos/horizontal-logo-main-color.png was preloaded using link preload but not used within a few seconds from the window's load event. Please make sure it has an appropriate `as` value and it is preloaded intentionally. @ https://www.khaledelfakharany.com/workshops/due-diligence/module-0:0
[  463446ms] [WARNING] The resource https://www.khaledelfakharany.com/png-logos/horizontal-logo-alternate-color.png was preloaded using link preload but not used within a few seconds from the window's load event. Please make sure it has an appropriate `as` value and it is preloaded intentionally. @ https://www.khaledelfakharany.com/workshops/due-diligence/module-0:0
[  463446ms] [WARNING] The resource https://www.khaledelfakharany.com/png-logos/horizontal-logo-main-color.png was preloaded using link preload but not used within a few seconds from the window's load event. Please make sure it has an appropriate `as` value and it is preloaded intentionally. @ https://www.khaledelfakharany.com/workshops/due-diligence/module-0:0
[  469590ms] [WARNING] The resource https://www.khaledelfakharany.com/png-logos/horizontal-logo-alternate-color.png was preloaded using link preload but not used within a few seconds from the window's load event. Please make sure it has an appropriate `as` value and it is preloaded intentionally. @ https://www.khaledelfakharany.com/workshops/due-diligence/module-0:0
[  469590ms] [WARNING] The resource https://www.khaledelfakharany.com/png-logos/horizontal-logo-main-color.png was preloaded using link preload but not used within a few seconds from the window's load event. Please make sure it has an appropriate `as` value and it is preloaded intentionally. @ https://www.khaledelfakharany.com/workshops/due-diligence/module-0:0
[  521404ms] [WARNING] The resource https://www.khaledelfakharany.com/png-logos/horizontal-logo-alternate-color.png was preloaded using link preload but not used within a few seconds from the window's load event. Please make sure it has an appropriate `as` value and it is preloaded intentionally. @ https://www.khaledelfakharany.com/workshops/due-diligence/module-0:0
[  521404ms] [WARNING] The resource https://www.khaledelfakharany.com/png-logos/horizontal-logo-main-color.png was preloaded using link preload but not used within a few seconds from the window's load event. Please make sure it has an appropriate `as` value and it is preloaded intentionally. @ https://www.khaledelfakharany.com/workshops/due-diligence/module-0:0
[ 3112142ms] [LOG] [SoundProvider] play() called for: ui-hover {enabled: true, reducedMotion: false, theme: theme-d} @ https://www.khaledelfakharany.com/_next/static/chunks/8e42d83f7d7e3859.js:0
[ 3112144ms] [LOG] [SoundProvider] Creating Howl for: ui-hover, path: /sounds/theme-d/ui/ui-hover.mp3 @ https://www.khaledelfakharany.com/_next/static/chunks/8e42d83f7d7e3859.js:0
[ 3112147ms] [LOG] [SoundProvider] Playing sound: ui-hover {volume: 0.5599999999999999, category: ui, path: /sounds/theme-d/ui/ui-hover.mp3} @ https://www.khaledelfakharany.com/_next/static/chunks/8e42d83f7d7e3859.js:0
[ 3116464ms] [WARNING] The resource https://www.khaledelfakharany.com/png-logos/horizontal-logo-alternate-color.png was preloaded using link preload but not used within a few seconds from the window's load event. Please make sure it has an appropriate `as` value and it is preloaded intentionally. @ https://www.khaledelfakharany.com/workshops/due-diligence/module-0:0
[ 3116464ms] [WARNING] The resource https://www.khaledelfakharany.com/png-logos/horizontal-logo-main-color.png was preloaded using link preload but not used within a few seconds from the window's load event. Please make sure it has an appropriate `as` value and it is preloaded intentionally. @ https://www.khaledelfakharany.com/workshops/due-diligence/module-0:0
[ 3121372ms] [WARNING] The resource https://www.khaledelfakharany.com/png-logos/horizontal-logo-alternate-color.png was preloaded using link preload but not used within a few seconds from the window's load event. Please make sure it has an appropriate `as` value and it is preloaded intentionally. @ https://www.khaledelfakharany.com/workshops/due-diligence/module-0:0
[ 3121372ms] [WARNING] The resource https://www.khaledelfakharany.com/png-logos/horizontal-logo-main-color.png was preloaded using link preload but not used within a few seconds from the window's load event. Please make sure it has an appropriate `as` value and it is preloaded intentionally. @ https://www.khaledelfakharany.com/workshops/due-diligence/module-0:0
[ 3124615ms] [LOG] [SoundProvider] play() called for: ui-hover {enabled: true, reducedMotion: false, theme: theme-d} @ https://www.khaledelfakharany.com/_next/static/chunks/8e42d83f7d7e3859.js:0
[ 3124615ms] [LOG] [SoundProvider] Playing sound: ui-hover {volume: 0.5599999999999999, category: ui, path: /sounds/theme-d/ui/ui-hover.mp3} @ https://www.khaledelfakharany.com/_next/static/chunks/8e42d83f7d7e3859.js:0
[ 3125131ms] [LOG] [SoundProvider] play() called for: ui-hover {enabled: true, reducedMotion: false, theme: theme-d} @ https://www.khaledelfakharany.com/_next/static/chunks/8e42d83f7d7e3859.js:0
[ 3125132ms] [LOG] [SoundProvider] Playing sound: ui-hover {volume: 0.5599999999999999, category: ui, path: /sounds/theme-d/ui/ui-hover.mp3} @ https://www.khaledelfakharany.com/_next/static/chunks/8e42d83f7d7e3859.js:0
[ 3125629ms] [LOG] [SoundProvider] play() called for: ui-btn-primary {enabled: true, reducedMotion: false, theme: theme-d} @ https://www.khaledelfakharany.com/_next/static/chunks/8e42d83f7d7e3859.js:0
[ 3125630ms] [LOG] [SoundProvider] Playing sound: ui-btn-primary {volume: 0.5599999999999999, category: ui, path: /sounds/theme-d/ui/ui-btn-primary.mp3} @ https://www.khaledelfakharany.com/_next/static/chunks/8e42d83f7d7e3859.js:0
[ 3131614ms] [LOG] [SoundProvider] play() called for: ui-hover {enabled: true, reducedMotion: false, theme: theme-d} @ https://www.khaledelfakharany.com/_next/static/chunks/8e42d83f7d7e3859.js:0
[ 3131615ms] [LOG] [SoundProvider] Playing sound: ui-hover {volume: 0.5599999999999999, category: ui, path: /sounds/theme-d/ui/ui-hover.mp3} @ https://www.khaledelfakharany.com/_next/static/chunks/8e42d83f7d7e3859.js:0
[ 3131771ms] [WARNING] The resource https://www.khaledelfakharany.com/png-logos/horizontal-logo-alternate-color.png was preloaded using link preload but not used within a few seconds from the window's load event. Please make sure it has an appropriate `as` value and it is preloaded intentionally. @ https://www.khaledelfakharany.com/workshops/due-diligence/module-0:0
[ 3131771ms] [WARNING] The resource https://www.khaledelfakharany.com/png-logos/horizontal-logo-main-color.png was preloaded using link preload but not used within a few seconds from the window's load event. Please make sure it has an appropriate `as` value and it is preloaded intentionally. @ https://www.khaledelfakharany.com/workshops/due-diligence/module-0:0
[ 3136380ms] [WARNING] The resource https://www.khaledelfakharany.com/png-logos/horizontal-logo-alternate-color.png was preloaded using link preload but not used within a few seconds from the window's load event. Please make sure it has an appropriate `as` value and it is preloaded intentionally. @ https://www.khaledelfakharany.com/workshops/due-diligence/module-0:0
[ 3136380ms] [WARNING] The resource https://www.khaledelfakharany.com/png-logos/horizontal-logo-main-color.png was preloaded using link preload but not used within a few seconds from the window's load event. Please make sure it has an appropriate `as` value and it is preloaded intentionally. @ https://www.khaledelfakharany.com/workshops/due-diligence/module-0:0
[ 3141374ms] [WARNING] The resource https://www.khaledelfakharany.com/png-logos/horizontal-logo-alternate-color.png was preloaded using link preload but not used within a few seconds from the window's load event. Please make sure it has an appropriate `as` value and it is preloaded intentionally. @ https://www.khaledelfakharany.com/workshops/due-diligence/module-0:0
[ 3141374ms] [WARNING] The resource https://www.khaledelfakharany.com/png-logos/horizontal-logo-main-color.png was preloaded using link preload but not used within a few seconds from the window's load event. Please make sure it has an appropriate `as` value and it is preloaded intentionally. @ https://www.khaledelfakharany.com/workshops/due-diligence/module-0:0
